[    0.000000] Initializing cgroup subsys cpuset
[    0.000000] Initializing cgroup subsys cpu
[    0.000000] Initializing cgroup subsys cpuacct
[    0.000000] Linux version 4.4.0-173-generic (buildd@lgw01-amd64-037) (gcc version 5.4.0 20160609 (Ubuntu 5.4.0-6ubuntu1~16.04.12) ) #203-Ubuntu SMP Wed Jan 15 02:55:01 UTC 2020 (Ubuntu 4.4.0-173.203-generic 4.4.208)
[    0.000000] Command line: BOOT_IMAGE=/boot/vmlinuz-4.4.0-173-generic root=UUID=9a1a8d29-b5c9-413e-8df3-b383713aeaa0 ro console=tty1 console=ttyS0
[    0.000000] KERNEL supported cpus:
[    0.000000]   Intel GenuineIntel
[    0.000000]   AMD AuthenticAMD
[    0.000000]   Centaur CentaurHauls
[    0.000000] x86/fpu: xstate_offset[2]:  576, xstate_sizes[2]:  256
[    0.000000] x86/fpu: Supporting XSAVE feature 0x01: 'x87 floating point registers'
[    0.000000] x86/fpu: Supporting XSAVE feature 0x02: 'SSE registers'
[    0.000000] x86/fpu: Supporting XSAVE feature 0x04: 'AVX registers'
[    0.000000] x86/fpu: Enabled xstate features 0x7, context size is 832 bytes, using 'standard' format.
[    0.000000] e820: BIOS-provided physical RAM map:
[    0.000000] BIOS-e820: [mem 0x0000000000000000-0x000000000009fbff] usable
[    0.000000] BIOS-e820: [mem 0x000000000009fc00-0x000000000009ffff] reserved
[    0.000000] BIOS-e820: [mem 0x00000000000f0000-0x00000000000fffff] reserved
[    0.000000] BIOS-e820: [mem 0x0000000000100000-0x000000003ffeffff] usable
[    0.000000] BIOS-e820: [mem 0x000000003fff0000-0x000000003fffffff] ACPI data
[    0.000000] BIOS-e820: [mem 0x00000000fec00000-0x00000000fec00fff] reserved
[    0.000000] BIOS-e820: [mem 0x00000000fee00000-0x00000000fee00fff] reserved
[    0.000000] BIOS-e820: [mem 0x00000000fffc0000-0x00000000ffffffff] reserved
[    0.000000] NX (Execute Disable) protection: active
[    0.000000] SMBIOS 2.5 present.
[    0.000000] Hypervisor detected: KVM
[    0.000000] e820: last_pfn = 0x3fff0 max_arch_pfn = 0x400000000
[    0.000000] MTRR: Disabled
[    0.000000] x86/PAT: MTRRs disabled, skipping PAT initialization too.
[    0.000000] CPU MTRRs all blank - virtualized system.
[    0.000000] x86/PAT: Configuration [0-7]: WB  WT  UC- UC  WB  WT  UC- UC  
[    0.000000] found SMP MP-table at [mem 0x0009fff0-0x0009ffff] mapped at [ffff88000009fff0]
[    0.000000] Scanning 1 areas for low memory corruption
[    0.000000] RAMDISK: [mem 0x361cc000-0x370ddfff]
[    0.000000] ACPI: Early table checksum verification disabled
[    0.000000] ACPI: RSDP 0x00000000000E0000 000024 (v02 VBOX  )
[    0.000000] ACPI: XSDT 0x000000003FFF0030 00003C (v01 VBOX   VBOXXSDT 00000001 ASL  00000061)
[    0.000000] ACPI: FACP 0x000000003FFF00F0 0000F4 (v04 VBOX   VBOXFACP 00000001 ASL  00000061)
[    0.000000] ACPI: DSDT 0x000000003FFF0470 002325 (v02 VBOX   VBOXBIOS 00000002 INTL 20100528)
[    0.000000] ACPI: FACS 0x000000003FFF0200 000040
[    0.000000] ACPI: FACS 0x000000003FFF0200 000040
[    0.000000] ACPI: APIC 0x000000003FFF0240 00005C (v02 VBOX   VBOXAPIC 00000001 ASL  00000061)
[    0.000000] ACPI: SSDT 0x000000003FFF02A0 0001CC (v01 VBOX   VBOXCPUT 00000002 INTL 20100528)
[    0.000000] No NUMA configuration found
[    0.000000] Faking a node at [mem 0x0000000000000000-0x000000003ffeffff]
[    0.000000] NODE_DATA(0) allocated [mem 0x3ffeb000-0x3ffeffff]
[    0.000000] kvm-clock: Using msrs 4b564d01 and 4b564d00
[    0.000000] kvm-clock: cpu 0, msr 0:3ffe3001, primary cpu clock
[    0.000000] kvm-clock: using sched offset of 3618662869 cycles
[    0.000000] clocksource: kvm-clock: mask: 0xffffffffffffffff max_cycles: 0x1cd42e4dffb, max_idle_ns: 881590591483 ns
[    0.000000] Zone ranges:
[    0.000000]   DMA      [mem 0x0000000000001000-0x0000000000ffffff]
[    0.000000]   DMA32    [mem 0x0000000001000000-0x000000003ffeffff]
[    0.000000]   Normal   empty
[    0.000000]   Device   empty
[    0.000000] Movable zone start for each node
[    0.000000] Early memory node ranges
[    0.000000]   node   0: [mem 0x0000000000001000-0x000000000009efff]
[    0.000000]   node   0: [mem 0x0000000000100000-0x000000003ffeffff]
[    0.000000] Initmem setup node 0 [mem 0x0000000000001000-0x000000003ffeffff]
[    0.000000] ACPI: PM-Timer IO Port: 0x4008
[    0.000000] IOAPIC[0]: apic_id 2, version 32, address 0xfec00000, GSI 0-23
[    0.000000] ACPI: INT_SRC_OVR (bus 0 bus_irq 0 global_irq 2 dfl dfl)
[    0.000000] ACPI: INT_SRC_OVR (bus 0 bus_irq 9 global_irq 9 low level)
[    0.000000] Using ACPI (MADT) for SMP configuration information
[    0.000000] smpboot: Allowing 2 CPUs, 0 hotplug CPUs
[    0.000000] PM: Registered nosave memory: [mem 0x00000000-0x00000fff]
[    0.000000] PM: Registered nosave memory: [mem 0x0009f000-0x0009ffff]
[    0.000000] PM: Registered nosave memory: [mem 0x000a0000-0x000effff]
[    0.000000] PM: Registered nosave memory: [mem 0x000f0000-0x000fffff]
[    0.000000] e820: [mem 0x40000000-0xfebfffff] available for PCI devices
[    0.000000] Booting paravirtualized kernel on KVM
[    0.000000] clocksource: refined-jiffies: mask: 0xffffffff max_cycles: 0xffffffff, max_idle_ns: 7645519600211568 ns
[    0.000000] setup_percpu: NR_CPUS:512 nr_cpumask_bits:512 nr_cpu_ids:2 nr_node_ids:1
[    0.000000] PERCPU: Embedded 33 pages/cpu @ffff88003fc00000 s95448 r8192 d31528 u1048576
[    0.000000] Built 1 zonelists in Node order, mobility grouping on.  Total pages: 257912
[    0.000000] Policy zone: DMA32
[    0.000000] Kernel command line: BOOT_IMAGE=/boot/vmlinuz-4.4.0-173-generic root=UUID=9a1a8d29-b5c9-413e-8df3-b383713aeaa0 ro console=tty1 console=ttyS0
[    0.000000] PID hash table entries: 4096 (order: 3, 32768 bytes)
[    0.000000] Memory: 997120K/1048120K available (8626K kernel code, 1336K rwdata, 4032K rodata, 1488K init, 1292K bss, 51000K reserved, 0K cma-reserved)
[    0.000000] SLUB: HWalign=64, Order=0-3, MinObjects=0, CPUs=2, Nodes=1
[    0.000000] Kernel/User page tables isolation: enabled
[    0.000000] Hierarchical RCU implementation.
[    0.000000] 	Build-time adjustment of leaf fanout to 64.
[    0.000000] 	RCU restricting CPUs from NR_CPUS=512 to nr_cpu_ids=2.
[    0.000000] RCU: Adjusting geometry for rcu_fanout_leaf=64, nr_cpu_ids=2
[    0.000000] NR_IRQS:33024 nr_irqs:440 16
[    0.000000] Console: colour VGA+ 80x25
[    0.000000] console [tty1] enabled
[    0.000000] console [ttyS0] enabled
[    0.000000] tsc: Detected 1703.999 MHz processor
[    0.164934] Calibrating delay loop (skipped) preset value.. 3407.99 BogoMIPS (lpj=6815996)
[    0.166787] pid_max: default: 32768 minimum: 301
[    0.167919] ACPI: Core revision 20150930
[    0.169689] ACPI: 2 ACPI AML tables successfully acquired and loaded
[    0.171281] Security Framework initialized
[    0.172305] Yama: becoming mindful.
[    0.173321] AppArmor: AppArmor initialized
[    0.174189] Dentry cache hash table entries: 131072 (order: 8, 1048576 bytes)
[    0.177034] Inode-cache hash table entries: 65536 (order: 7, 524288 bytes)
[    0.178606] Mount-cache hash table entries: 2048 (order: 2, 16384 bytes)
[    0.180165] Mountpoint-cache hash table entries: 2048 (order: 2, 16384 bytes)
[    0.183292] Initializing cgroup subsys io
[    0.184086] Initializing cgroup subsys memory
[    0.184897] Initializing cgroup subsys devices
[    0.185993] Initializing cgroup subsys freezer
[    0.187224] Initializing cgroup subsys net_cls
[    0.188180] Initializing cgroup subsys perf_event
[    0.189026] Initializing cgroup subsys net_prio
[    0.189925] Initializing cgroup subsys hugetlb
[    0.190811] Initializing cgroup subsys pids
[    0.192909] mce: CPU supports 0 MCE banks
[    0.193875] Last level iTLB entries: 4KB 64, 2MB 8, 4MB 8
[    0.195581] Last level dTLB entries: 4KB 64, 2MB 0, 4MB 0, 1GB 4
[    0.197079] Spectre V1 : Mitigation: usercopy/swapgs barriers and __user pointer sanitization
[    0.202721] Spectre V2 : Mitigation: Full generic retpoline
[    0.205061] Spectre V2 : Spectre v2 / SpectreRSB mitigation: Filling RSB on context switch
[    0.206764] Speculative Store Bypass: Vulnerable
[    0.207811] MDS: Mitigation: Clear CPU buffers
[    0.210966] Freeing SMP alternatives memory: 36K
[    0.216934] ftrace: allocating 32304 entries in 127 pages
[    0.267860] smpboot: APIC(0) Converting physical 0 to logical package 0
[    0.269109] smpboot: Max logical packages: 1
[    0.270088] x2apic enabled
[    0.270827] Switched APIC routing to physical x2apic.
[    0.272695] ..TIMER: vector=0x30 apic1=0 pin1=2 apic2=-1 pin2=-1
[    0.381879] smpboot: CPU0: Intel(R) Core(TM) i7-8557U CPU @ 1.70GHz (family: 0x6, model: 0x8e, stepping: 0xa)
[    0.383841] Performance Events: unsupported p6 CPU model 142 no PMU driver, software events only.
[    0.394393] KVM setup paravirtual spinlock
[    0.396651] x86: Booting SMP configuration:
[    0.398078] .... node  #0, CPUs:      #1
[    0.399047] kvm-clock: cpu 1, msr 0:3ffe3041, secondary cpu clock
[    0.402144] mce: CPU supports 0 MCE banks
[    0.404766] x86: Booted up 1 node, 2 CPUs
[    0.405966] smpboot: Total of 2 processors activated (6815.99 BogoMIPS)
[    0.410079] devtmpfs: initialized
[    0.412572] evm: security.selinux
[    0.413311] evm: security.SMACK64
[    0.414027] evm: security.SMACK64EXEC
[    0.414791] evm: security.SMACK64TRANSMUTE
[    0.415561] evm: security.SMACK64MMAP
[    0.416263] evm: security.ima
[    0.417777] evm: security.capability
[    0.418654] clocksource: jiffies: mask: 0xffffffff max_cycles: 0xffffffff, max_idle_ns: 7645041785100000 ns
[    0.422393] futex hash table entries: 512 (order: 3, 32768 bytes)
[    0.424016] pinctrl core: initialized pinctrl subsystem
[    0.425055] RTC time: 11:53:12, date: 02/14/20
[    0.426048] NET: Registered protocol family 16
[    0.438242] cpuidle: using governor ladder
[    0.451022] cpuidle: using governor menu
[    0.452652] PCCT header not found.
[    0.453487] ACPI: bus type PCI registered
[    0.454743] acpiphp: ACPI Hot Plug PCI Controller Driver version: 0.5
[    0.455953] PCI: Using configuration type 1 for base access
[    0.470385] ACPI: Added _OSI(Module Device)
[    0.471702] ACPI: Added _OSI(Processor Device)
[    0.473470] ACPI: Added _OSI(3.0 _SCP Extensions)
[    0.474397] ACPI: Added _OSI(Processor Aggregator Device)
[    0.477810] ACPI: Executed 1 blocks of module-level executable AML code
[    0.480657] ACPI: Interpreter enabled
[    0.481925] ACPI: (supports S0 S5)
[    0.482612] ACPI: Using IOAPIC for interrupt routing
[    0.483612] PCI: Using host bridge windows from ACPI; if necessary, use "pci=nocrs" and report a bug
[    0.489003] ACPI: PCI Root Bridge [PCI0] (domain 0000 [bus 00-ff])
[    0.490472] acpi PNP0A03:00: _OSC: OS supports [ASPM ClockPM Segments MSI]
[    0.493675] acpi PNP0A03:00: _OSC: not requesting OS control; OS requires [ExtendedConfig ASPM ClockPM MSI]
[    0.496393] acpi PNP0A03:00: fail to add MMCONFIG information, can't access extended PCI configuration space under this bridge.
[    0.499303] PCI host bridge to bus 0000:00
[    0.500607] pci_bus 0000:00: root bus resource [io  0x0000-0x0cf7 window]
[    0.503627] pci_bus 0000:00: root bus resource [io  0x0d00-0xffff window]
[    0.504830] pci_bus 0000:00: root bus resource [mem 0x000a0000-0x000bffff window]
[    0.507220] pci_bus 0000:00: root bus resource [mem 0x40000000-0xfdffffff window]
[    0.509231] pci_bus 0000:00: root bus resource [bus 00-ff]
[    0.512890] pci 0000:00:01.1: legacy IDE quirk: reg 0x10: [io  0x01f0-0x01f7]
[    0.514285] pci 0000:00:01.1: legacy IDE quirk: reg 0x14: [io  0x03f6]
[    0.515576] pci 0000:00:01.1: legacy IDE quirk: reg 0x18: [io  0x0170-0x0177]
[    0.517348] pci 0000:00:01.1: legacy IDE quirk: reg 0x1c: [io  0x0376]
[    0.537706] pci 0000:00:07.0: quirk: [io  0x4000-0x403f] claimed by PIIX4 ACPI
[    0.539392] pci 0000:00:07.0: quirk: [io  0x4100-0x410f] claimed by PIIX4 SMB
[    0.551404] ACPI: PCI Interrupt Link [LNKA] (IRQs 5 9 10 *11)
[    0.552944] ACPI: PCI Interrupt Link [LNKB] (IRQs 5 9 *10 11)
[    0.556983] ACPI: PCI Interrupt Link [LNKC] (IRQs 5 *9 10 11)
[    0.558633] ACPI: PCI Interrupt Link [LNKD] (IRQs 5 9 10 *11)
[    0.560207] ACPI: Enabled 2 GPEs in block 00 to 07
[    0.561496] vgaarb: setting as boot device: PCI:0000:00:02.0
[    0.562791] vgaarb: device added: PCI:0000:00:02.0,decodes=io+mem,owns=io+mem,locks=none
[    0.566926] vgaarb: loaded
[    0.567511] vgaarb: bridge control possible 0000:00:02.0
[    0.568661] SCSI subsystem initialized
[    0.569637] ACPI: bus type USB registered
[    0.570426] usbcore: registered new interface driver usbfs
[    0.571399] usbcore: registered new interface driver hub
[    0.573376] usbcore: registered new device driver usb
[    0.574644] PCI: Using ACPI for IRQ routing
[    0.577953] NetLabel: Initializing
[    0.578660] NetLabel:  domain hash size = 128
[    0.579465] NetLabel:  protocols = UNLABELED CIPSOv4
[    0.580908] NetLabel:  unlabeled traffic allowed by default
[    0.582893] amd_nb: Cannot enumerate AMD northbridges
[    0.584275] clocksource: Switched to clocksource kvm-clock
[    0.592340] AppArmor: AppArmor Filesystem Enabled
[    0.593706] pnp: PnP ACPI init
[    0.595525] pnp: PnP ACPI: found 3 devices
[    0.607359] clocksource: acpi_pm: mask: 0xffffff max_cycles: 0xffffff, max_idle_ns: 2085701024 ns
[    0.610489] NET: Registered protocol family 2
[    0.611431] TCP established hash table entries: 8192 (order: 4, 65536 bytes)
[    0.612740] TCP bind hash table entries: 8192 (order: 5, 131072 bytes)
[    0.613878] TCP: Hash tables configured (established 8192 bind 8192)
[    0.615252] UDP hash table entries: 512 (order: 2, 16384 bytes)
[    0.616428] UDP-Lite hash table entries: 512 (order: 2, 16384 bytes)
[    0.617723] NET: Registered protocol family 1
[    0.619075] pci 0000:00:00.0: Limiting direct PCI/PCI transfers
[    0.621968] pci 0000:00:01.0: Activating ISA DMA hang workarounds
[    0.623939] Unpacking initramfs...
[    0.828582] Freeing initrd memory: 15432K
[    0.829791] clocksource: tsc: mask: 0xffffffffffffffff max_cycles: 0x188fe90467e, max_idle_ns: 440795283699 ns
[    0.831623] platform rtc_cmos: registered platform RTC device (no PNP device found)
[    0.834190] Scanning for low memory corruption every 60 seconds
[    0.835597] audit: initializing netlink subsys (disabled)
[    0.837253] audit: type=2000 audit(1581681197.021:1): initialized
[    0.838545] Initialise system trusted keyring
[    0.839497] HugeTLB registered 2 MB page size, pre-allocated 0 pages
[    0.842782] zbud: loaded
[    0.843753] VFS: Disk quotas dquot_6.6.0
[    0.845313] VFS: Dquot-cache hash table entries: 512 (order 0, 4096 bytes)
[    0.847197] squashfs: version 4.0 (2009/01/31) Phillip Lougher
[    0.848652] fuse init (API version 7.23)
[    0.850033] Key type big_key registered
[    0.851492] Allocating IMA MOK and blacklist keyrings.
[    0.854485] Key type asymmetric registered
[    0.855579] Asymmetric key parser 'x509' registered
[    0.856933] Block layer SCSI generic (bsg) driver version 0.4 loaded (major 249)
[    0.859239] io scheduler noop registered
[    0.860547] io scheduler deadline registered (default)
[    0.862306] io scheduler cfq registered
[    0.863695] pci_hotplug: PCI Hot Plug PCI Core version: 0.5
[    0.865101] pciehp: PCI Express Hot Plug Controller Driver version: 0.4
[    0.868147] ACPI: AC Adapter [AC] (on-line)
[    0.869577] input: Power Button as /devices/LNXSYSTM:00/LNXPWRBN:00/input/input0
[    0.871729] ACPI: Power Button [PWRF]
[    0.872895] input: Sleep Button as /devices/LNXSYSTM:00/LNXSLPBN:00/input/input1
[    0.874803] ACPI: Sleep Button [SLPF]
[    0.875977] GHES: HEST is not enabled!
[    0.877172] ACPI: Battery Slot [BAT0] (battery present)
[    0.878645] Serial: 8250/16550 driver, 32 ports, IRQ sharing enabled
[    0.900483] 00:02: ttyS0 at I/O 0x3f8 (irq = 4, base_baud = 115200) is a 16550A
[    0.904748] Linux agpgart interface v0.103
[    0.909037] loop: module loaded
[    0.910272] scsi host0: ata_piix
[    0.911230] scsi host1: ata_piix
[    0.912883] ata1: PATA max UDMA/33 cmd 0x1f0 ctl 0x3f6 bmdma 0xd000 irq 14
[    0.914353] ata2: PATA max UDMA/33 cmd 0x170 ctl 0x376 bmdma 0xd008 irq 15
[    0.915855] libphy: Fixed MDIO Bus: probed
[    0.916958] tun: Universal TUN/TAP device driver, 1.6
[    0.918056] tun: (C) 1999-2004 Max Krasnyansky <maxk@qualcomm.com>
[    0.919460] PPP generic driver version 2.4.2
[    0.920587] ehci_hcd: USB 2.0 'Enhanced' Host Controller (EHCI) Driver
[    0.922061] ehci-pci: EHCI PCI platform driver
[    0.923129] ehci-platform: EHCI generic platform driver
[    0.924286] ohci_hcd: USB 1.1 'Open' Host Controller (OHCI) Driver
[    0.925730] ohci-pci: OHCI PCI platform driver
[    0.926720] ohci-platform: OHCI generic platform driver
[    0.928147] uhci_hcd: USB Universal Host Controller Interface driver
[    0.929793] i8042: PNP: PS/2 Controller [PNP0303:PS2K,PNP0f03:PS2M] at 0x60,0x64 irq 1,12
[    0.932105] serio: i8042 KBD port at 0x60,0x64 irq 1
[    0.933407] serio: i8042 AUX port at 0x60,0x64 irq 12
[    0.934836] mousedev: PS/2 mouse device common for all mice
[    0.936505] input: AT Translated Set 2 keyboard as /devices/platform/i8042/serio0/input/input2
[    0.939003] rtc_cmos rtc_cmos: rtc core: registered rtc_cmos as rtc0
[    0.940306] rtc_cmos rtc_cmos: alarms up to one day, 114 bytes nvram
[    0.941654] i2c /dev entries driver
[    0.942432] device-mapper: uevent: version 1.0.3
[    0.943704] device-mapper: ioctl: 4.34.0-ioctl (2015-10-28) initialised: dm-devel@redhat.com
[    0.945919] ledtrig-cpu: registered to indicate activity on CPUs
[    0.948421] NET: Registered protocol family 10
[    0.949839] NET: Registered protocol family 17
[    0.950871] Key type dns_resolver registered
[    0.952267] registered taskstats version 1
[    0.953204] Loading compiled-in X.509 certificates
[    0.954751] Loaded X.509 cert 'Build time autogenerated kernel key: 4e6a82653c7e3a258f066f23f1954299de63b157'
[    0.958139] zswap: loaded using pool lzo/zbud
[    0.961898] Key type trusted registered
[    0.965741] Key type encrypted registered
[    0.966639] AppArmor: AppArmor sha1 policy hashing enabled
[    0.967970] ima: No TPM chip found, activating TPM-bypass!
[    0.969151] ima: Allocated hash algorithm: sha1
[    0.970055] evm: HMAC attrs: 0x1
[    0.971375]   Magic number: 8:531:883
[    0.972337] rtc_cmos rtc_cmos: setting system clock to 2020-02-14 11:53:12 UTC (1581681192)
[    0.974171] BIOS EDD facility v0.16 2004-Jun-25, 0 devices found
[    0.976835] EDD information not available.
[    1.093018] Freeing unused kernel memory: 1488K
[    1.094183] Write protecting the kernel read-only data: 14336k
[    1.095875] Freeing unused kernel memory: 1604K
[    1.096919] Freeing unused kernel memory: 64K
Loading, please wait...
starting version 229
[    1.107991] random: systemd-udevd: uninitialized urandom read (16 bytes read, 3 bits of entropy available)
[    1.108466] random: udevadm: uninitialized urandom read (16 bytes read, 3 bits of entropy available)
[    1.108486] random: udevadm: uninitialized urandom read (16 bytes read, 3 bits of entropy available)
[    1.115661] random: systemd-udevd: uninitialized urandom read (16 bytes read, 3 bits of entropy available)
[    1.117077] random: udevadm: uninitialized urandom read (16 bytes read, 3 bits of entropy available)
[    1.117146] random: udevadm: uninitialized urandom read (16 bytes read, 3 bits of entropy available)
[    1.117297] random: udevadm: uninitialized urandom read (16 bytes read, 3 bits of entropy available)
[    1.117350] random: udevadm: uninitialized urandom read (16 bytes read, 3 bits of entropy available)
[    1.117403] random: udevadm: uninitialized urandom read (16 bytes read, 3 bits of entropy available)
[    1.117457] random: udevadm: uninitialized urandom read (16 bytes read, 3 bits of entropy available)
[    1.164235] e1000: Intel(R) PRO/1000 Network Driver - version 7.3.21-k8-NAPI
[    1.166020] e1000: Copyright (c) 1999-2006 Intel Corporation.
[    1.171045] Fusion MPT base driver 3.04.20
[    1.172169] Copyright (c) 1999-2008 LSI Corporation
[    1.189032] Fusion MPT SPI Host driver 3.04.20
[    1.190302] AVX2 version of gcm_enc/dec engaged.
[    1.191151] AES CTR mode by8 optimization enabled
[    1.385469] input: ImExPS/2 Generic Explorer Mouse as /devices/platform/i8042/serio1/input/input4
[    1.538760] e1000 0000:00:03.0 eth0: (PCI:33MHz:32-bit) 02:bf:1c:77:ff:98
[    1.540562] e1000 0000:00:03.0 eth0: Intel(R) PRO/1000 Network Connection
[    1.929486] e1000 0000:00:08.0 eth1: (PCI:33MHz:32-bit) 08:00:27:cb:23:f3
[    1.930848] e1000 0000:00:08.0 eth1: Intel(R) PRO/1000 Network Connection
[    2.321652] e1000 0000:00:09.0 eth2: (PCI:33MHz:32-bit) 08:00:27:b9:07:ca
[    2.323499] e1000 0000:00:09.0 eth2: Intel(R) PRO/1000 Network Connection
[    2.326941] e1000 0000:00:03.0 enp0s3: renamed from eth0
[    2.329326] mptbase: ioc0: Initiating bringup
[    2.336610] e1000 0000:00:08.0 enp0s8: renamed from eth1
[    2.348873] e1000 0000:00:09.0 enp0s9: renamed from eth2
[    2.549291] ioc0: LSI53C1030 A0: Capabilities={Initiator}
[    5.198285] scsi host2: ioc0: LSI53C1030 A0, FwRev=00000000h, Ports=1, MaxQ=256, IRQ=20
[    6.907344] scsi 2:0:0:0: Direct-Access     VBOX     HARDDISK         1.0  PQ: 0 ANSI: 5
[    6.911717] scsi target2:0:0: Beginning Domain Validation
[    6.914512] scsi target2:0:0: Domain Validation skipping write tests
[    6.916020] scsi target2:0:0: Ending Domain Validation
[    6.917451] scsi target2:0:0: asynchronous
[    6.927561] scsi 2:0:1:0: Direct-Access     VBOX     HARDDISK         1.0  PQ: 0 ANSI: 5
[    6.929225] scsi target2:0:1: Beginning Domain Validation
[    6.930656] scsi target2:0:1: Domain Validation skipping write tests
[    6.931753] scsi target2:0:1: Ending Domain Validation
[    6.932724] scsi target2:0:1: asynchronous
[    6.937586] sd 2:0:0:0: [sda] 20971520 512-byte logical blocks: (10.7 GB/10.0 GiB)
[    6.937741] sd 2:0:0:0: Attached scsi generic sg0 type 0
[    6.938040] sd 2:0:1:0: Attached scsi generic sg1 type 0
[    6.938211] sd 2:0:1:0: [sdb] 20480 512-byte logical blocks: (10.5 MB/10.0 MiB)
[    6.938307] sd 2:0:1:0: [sdb] Write Protect is off
[    6.938377] sd 2:0:1:0: [sdb] Incomplete mode parameter data
[    6.938378] sd 2:0:1:0: [sdb] Assuming drive cache: write through
[    6.940440] sd 2:0:1:0: [sdb] Attached SCSI disk
[    6.946467] sd 2:0:0:0: [sda] Write Protect is off
[    6.947446] sd 2:0:0:0: [sda] Incomplete mode parameter data
[    6.948430] sd 2:0:0:0: [sda] Assuming drive cache: write through
[    6.951026]  sda: sda1
[    6.952093] sd 2:0:0:0: [sda] Attached SCSI disk
Begin: Loading essential drivers ... [    8.185965] md: linear personality registered for level -1
[    8.189456] md: multipath personality registered for level -4
[    8.192368] md: raid0 personality registered for level 0
[    8.196241] md: raid1 personality registered for level 1
[    8.268461] raid6: sse2x1   gen() 14282 MB/s
[    8.336289] raid6: sse2x1   xor() 10573 MB/s
[    8.404359] raid6: sse2x2   gen() 14365 MB/s
[    8.472525] raid6: sse2x2   xor() 11673 MB/s
[    8.540482] raid6: sse2x4   gen() 20653 MB/s
[    8.608320] raid6: sse2x4   xor() 13422 MB/s
[    8.676524] raid6: avx2x1   gen() 26417 MB/s
[    8.744450] raid6: avx2x2   gen() 34268 MB/s
[    8.812336] raid6: avx2x4   gen() 35212 MB/s
[    8.813229] raid6: using algorithm avx2x4 gen() 35212 MB/s
[    8.814224] raid6: using avx2x2 recovery algorithm
[    8.817564] xor: automatically using best checksumming function:
[    8.856441]    avx       : 52929.000 MB/sec
[    8.858236] async_tx: api initialized (async)
[    8.867230] md: raid6 personality registered for level 6
[    8.868257] md: raid5 personality registered for level 5
[    8.869225] md: raid4 personality registered for level 4
[    8.876142] md: raid10 personality registered for level 10
done.
Begin: Running /scripts/init-premount ... done.
Begin: Mounting root file system ... Begin: Running /scripts/local-top ... done.
Begin: Running /scripts/local-premount ... [    8.902186] Btrfs loaded
Scanning for Btrfs filesystems
done.
Warning: fsck not present, so skipping root file system
[    8.924209] EXT4-fs (sda1): INFO: recovery required on readonly filesystem
[    8.926564] EXT4-fs (sda1): write access will be enabled during recovery
[    9.046099] EXT4-fs (sda1): recovery complete
[    9.047366] EXT4-fs (sda1): mounted filesystem with ordered data mode. Opts: (null)
done.
Begin: Running /scripts/local-bottom ... done.
Begin: Running /scripts/init-bottom ... done.
[    9.153801] systemd[1]: systemd 229 running in system mode. (+PAM +AUDIT +SELINUX +IMA +APPARMOR +SMACK +SYSVINIT +UTMP +LIBCRYPTSETUP +GCRYPT +GNUTLS +ACL +XZ -LZ4 +SECCOMP +BLKID +ELFUTILS +KMOD -IDN)
[    9.159516] systemd[1]: Detected virtualization oracle.
[    9.161539] systemd[1]: Detected architecture x86-64.

Welcome to [1mUbuntu 16.04.6 LTS[0m!

[    9.164847] systemd[1]: Set hostname to <test>.
[    9.298233] systemd[1]: Listening on LVM2 metadata daemon socket.
[[0;32m  OK  [0m] Listening on LVM2 metadata daemon socket.
[    9.301009] systemd[1]: Listening on Journal Audit Socket.
[[0;32m  OK  [0m] Listening on Journal Audit Socket.
[    9.303276] systemd[1]: Listening on /dev/initctl Compatibility Named Pipe.
[[0;32m  OK  [0m] Listening on /dev/initctl Compatibility Named Pipe.
[    9.307250] systemd[1]: Reached target Encrypted Volumes.
[[0;32m  OK  [0m] Reached target Encrypted Volumes.
[    9.309653] systemd[1]: Started Forward Password Requests to Wall Directory Watch.
[[0;32m  OK  [0m] Started Forward Password Requests to Wall Directory Watch.
[    9.312459] systemd[1]: Created slice System Slice.
[[0;32m  OK  [0m] Created slice System Slice.
[    9.314276] systemd[1]: Created slice system-serial\x2dgetty.slice.
[[0;32m  OK  [0m] Created slice system-serial\x2dgetty.slice.
[    9.316872] systemd[1]: Listening on Syslog Socket.
[[0;32m  OK  [0m] Listening on Syslog Socket.
[    9.319373] systemd[1]: Listening on Device-mapper event daemon FIFOs.
[[0;32m  OK  [0m] Listening on Device-mapper event daemon FIFOs.
[    9.321626] systemd[1]: Listening on Journal Socket.
[[0;32m  OK  [0m] Listening on Journal Socket.
[    9.333042] systemd[1]: Starting Uncomplicated firewall...
         Starting Uncomplicated firewall...
[    9.337276] systemd[1]: Mounting Huge Pages File System...
         Mounting Huge Pages File System...
[    9.339658] systemd[1]: Starting Monitoring of LVM2 mirrors, snapshots etc. using dmeventd or progress polling...
         Starting Monitoring of LVM2 mirrors... dmeventd or progress polling...
[    9.343317] systemd[1]: Mounting Debug File System...
         Mounting Debug File System...
[    9.345862] systemd[1]: Mounting POSIX Message Queue File System...
         Mounting POSIX Message Queue File System...
[    9.348685] systemd[1]: Starting Create list of required static device nodes for the current kernel...
         Starting Create list of required st... nodes for the current kernel...
[    9.353603] systemd[1]: Starting Nameserver information manager...
         Starting Nameserver information manager...
[    9.356004] systemd[1]: Starting Set console keymap...
         Starting Set console keymap...
[    9.358318] systemd[1]: Starting Remount Root and Kernel File Systems...
         Starting Remount Root and Kernel File Systems...
[    9.361986] systemd[1]: Set up automount Arbitrary Executable File Formats File System Automount Point.
[    9.363079] EXT4-fs (sda1): re-mounted. Opts: (null)
[[0;32m  OK  [0m] Set up automount Arbitrary Executab...ats File System Automount Point.
[    9.366800] systemd[1]: Listening on Journal Socket (/dev/log).
[[0;32m  OK  [0m] Listening on Journal Socket (/dev/log).
[    9.384787] systemd[1]: Starting Journal Service...
         Starting Journal Service...
[    9.387164] systemd[1]: Listening on udev Kernel Socket.
[[0;32m  OK  [0m] Listening on udev Kernel Socket.
[    9.389514] systemd[1]: Listening on LVM2 poll daemon socket.
[[0;32m  OK  [0m] Listening on LVM2 poll daemon socket.
[    9.400833] systemd[1]: Reached target System Time Synchronized.
[[0;32m  OK  [0m] Reached target System Time Synchronized.
[    9.405033] systemd[1]: Starting Load Kernel Modules...
         Starting Load Kernel Modules...
[    9.407089] systemd[1]: Listening on udev Control Socket.
[[0;32m  OK  [0m] Listening on udev Control Socket.
[    9.408937] systemd[1]: Started Trigger resolvconf update for networkd DNS.
[[0;32m  OK  [0m] Started Trigger resolvconf update for networkd DNS.
[    9.411173] systemd[1]: Created slice User and Session Slice.
[[0;32m  OK  [0m] Created slice User and Session Slice.
[    9.413166] systemd[1]: Reached target Slices.
[[0;32m  OK  [0m] Reached target Slices.
[    9.414831] systemd[1]: Reached target User and Group Name Lookups.
[    9.414869] Loading iSCSI transport class v2.0-870.
[[0;32m  OK  [0m] Reached target User and Group Name Lookups.
[    9.417716] systemd[1]: Reached target Swap.
[[0;32m  OK  [0m] Reached target Swap.
[    9.420455] systemd[1]: Mounted Huge Pages File System.
[[0;32m  OK  [0m] Mounted Huge Pages File System.
[    9.422350] systemd[1]: Mounted POSIX Message Queue File System.
[    9.423807] iscsi: registered transport (tcp)
[[0;32m  OK  [0m] Mounted POSIX Message Queue File System.
[    9.425365] systemd[1]: Mounted Debug File System.
[[0;32m  OK  [0m] Mounted Debug File System.
[    9.427389] systemd[1]: Started Journal Service.
[[0;32m  OK  [0m] Started Journal Service.
[[0;32m  OK  [0m] Started Uncomplicated firewall.
[[0;32m  OK  [0m] Started Create list of required sta...ce nodes for the current kernel.
[[0;32m  OK  [0m] Started Set console keymap.
[[0;32m  OK  [0m] Started Remount Root and Kernel File Systems.
[[0;32m  OK  [0m] Started Nameserver information manager.
[[0;32m  OK  [0m] Started LVM2 metadata daemon.
         Starting udev Coldplug all Devices...
         Starting Load/Save Random Seed...
         Starting Create Static Device Nodes in /dev...
         Starting Flush Journal to Persistent Storage...
[    9.460912] systemd-journald[401]: Received request to flush runtime journal from PID 1
[[0;32m  OK  [0m] Started Load/Save Random Seed.
[[0;32m  OK  [0m] Started Flush Journal to Persistent Storage.
[[0;32m  OK  [0m] Started Create Static Device Nodes in /dev.
         Starting udev Kernel Device Manager...
[    9.479636] iscsi: registered transport (iser)
[    9.480093] random: nonblocking pool is initialized
[[0;32m  OK  [0m] Started Load Kernel Modules.
         Mounting FUSE Control File System...
         Starting Apply Kernel Variables...
[[0;32m  OK  [0m] Mounted FUSE Control File System.
[[0;32m  OK  [0m] Started Apply Kernel Variables.
[[0;32m  OK  [0m] Started udev Kernel Device Manager.
[[0;32m  OK  [0m] Started Monitoring of LVM2 mirrors,...ng dmeventd or progress polling.
[[0;32m  OK  [0m] Reached target Local File Systems (Pre).
[[0;32m  OK  [0m] Reached target Local File Systems.
         Starting Tell Plymouth To Write Out Runtime Data...
         Starting Set console font and keymap...
         Starting Create Volatile Files and Directories...
         Starting LSB: AppArmor initialization...
         Starting Initial cloud-init job (pre-networking)...
[[0;32m  OK  [0m] Started udev Coldplug all Devices.
[[0;32m  OK  [0m] Started Tell Plymouth To Write Out Runtime Data.
[[0;32m  OK  [0m] Started Dispatch Password Requests to Console Directory Watch.
[[0;32m  OK  [0m] Started Create Volatile Files and Directories.
         Starting Update UTMP about System Boot/Shutdown...
[[0;32m  OK  [0m] Started Update UTMP about System Boot/Shutdown.
[[0;32m  OK  [0m] Found device /dev/ttyS0.
[[0;32m  OK  [0m] Started LSB: AppArmor initialization.
[[0;32m  OK  [0m] Listening on Load/Save RF Kill Switch Status /dev/rfkill Watch.
[[0;32m  OK  [0m] Started Set console font and keymap.
[[0;32m  OK  [0m] Found device 82540EM Gigabit Ethern...r (PRO/1000 MT Desktop Adapter).
[[0;32m  OK  [0m] Found device 82540EM Gigabit Ethern...r (PRO/1000 MT Desktop Adapter).
[[0;32m  OK  [0m] Created slice system-getty.slice.
[[0;32m  OK  [0m] Found device 82540EM Gigabit Ethern...r (PRO/1000 MT Desktop Adapter).
[   10.164794] cloud-init[507]: Cloud-init v. 19.3-41-gc4735dd3-0ubuntu1~16.04.1 running 'init-local' at Fri, 14 Feb 2020 11:53:21 +0000. Up 9.92 seconds.
[[0;32m  OK  [0m] Started Initial cloud-init job (pre-networking).
[[0;32m  OK  [0m] Reached target Network (Pre).
[[0;32m  OK  [0m] Started ifup for enp0s3.
         Starting Raise network interfaces...
[[0;32m  OK  [0m] Started ifup for enp0s9.
[[0;32m  OK  [0m] Started ifup for enp0s8.
[[0;32m  OK  [0m] Started Raise network interfaces.
         Starting Initial cloud-init job (metadata service crawler)...
[[0;32m  OK  [0m] Reached target Network.
[   10.743094] cloud-init[1191]: Cloud-init v. 19.3-41-gc4735dd3-0ubuntu1~16.04.1 running 'init' at Fri, 14 Feb 2020 11:53:22 +0000. Up 10.55 seconds.
[   10.752606] cloud-init[1191]: ci-info: ++++++++++++++++++++++++++++++++++++++Net device info+++++++++++++++++++++++++++++++++++++++
[   10.754405] cloud-init[1191]: ci-info: +--------+------+-----------------------------+---------------+--------+-------------------+
[   10.756011] cloud-init[1191]: ci-info: | Device |  Up  |           Address           |      Mask     | Scope  |     Hw-Address    |
[   10.757928] cloud-init[1191]: ci-info: +--------+------+-----------------------------+---------------+--------+-------------------+
[   10.759738] cloud-init[1191]: ci-info: | enp0s3 | True |          10.0.2.15          | 255.255.255.0 | global | 02:bf:1c:77:ff:98 |
[   10.768416] cloud-init[1191]: ci-info: | enp0s3 | True |  fe80::bf:1cff:fe77:ff98/64 |       .       |  link  | 02:bf:1c:77:ff:98 |
[   10.770323] cloud-init[1191]: ci-info: | enp0s8 | True |        192.168.86.99        | 255.255.255.0 | global | 08:00:27:cb:23:f3 |
[   10.773014] cloud-init[1191]: ci-info: | enp0s8 | True | fe80::a00:27ff:fecb:23f3/64 |       .       |  link  | 08:00:27:cb:23:f3 |
[   10.775389] cloud-init[1191]: ci-info: | enp0s9 | True |        192.168.33.10        | 255.255.255.0 | global | 08:00:27:b9:07:ca |
[   10.777774] cloud-init[1191]: ci-info: | enp0s9 | True |  fe80::a00:27ff:feb9:7ca/64 |       .       |  link  | 08:00:27:b9:07:ca |[[0;32m  OK  [0m] Started Initial cloud-init job (metadata service crawler).
[[0;32m  OK  [0m] Reached target System Initialization.
[[0;32m  OK  [0m] Listening on D-Bus System Message Bus Socket.
         Starting LXD - unix socket.

[[0;32m  OK  [0m] Started Message of the Day.
[[0;32m  OK  [0m] Listening on ACPID Listen Socket.
[[0;32m  OK  [0m] Started Daily Cleanup of Temporary Directories.
[[0;32m  OK  [0m] Started Daily apt download activities.
[[0;32m  OK  [0m] Started Daily apt upgrade and clean activities.
[[0;32m  OK  [0m] Reached target Timers.[   10.783738] cloud-init[1191]: ci-info: |   lo   | True |          127.0.0.1          |   255.0.0.0   |  host  |         .         |
[   10.789788] cloud-init[1191]: ci-info: |   lo   | True |           ::1/128           |       .       |  host  |         .         |
[   10.791292] cloud-init[1191]: ci-info: +--------+------+-----------------------------+---------------+--------+-------------------+
         Starting Socket activation for snappy daemon.
[[0;32m  OK  [0m] Listening on UUID daemon activation socket.

[   10.794281] cloud-init[1191]: ci-info: ++++++++++++++++++++++++++++Route IPv4 info++++++++++++++++++++++++++++[[0;32m  OK  [0m] Started ACPI Events Check.
[[0;32m  OK  [0m] Reached target Paths.
[[0;32m  OK  [0m] Reached target Cloud-config availability.
[[0;32m  OK  [0m] Reached target Network is Online.

[   10.799880] cloud-init[1191]: ci-info: +-------+--------------+----------+---------------+-----------+-------+
[   10.801685] cloud-init[1191]: ci-info: | Route | Destination  | Gateway  |    Genmask    | Interface | Flags |
[   10.803117] cloud-init[1191]: ci-info: +-------+--------------+----------+---------------+-----------+-------+
[   10.804592] cloud-init[1191]: ci-info: |   0   |   0.0.0.0    | 10.0.2.2 |    0.0.0.0    |   enp0s3  |   UG  |
[   10.806001] cloud-init[1191]: ci-info: |   1   |   10.0.2.0   | 0.0.0.0  | 255.255.255.0 |   enp0s3  |   U   |
[   10.807487] cloud-init[1191]: ci-info: |   2   | 192.168.33.0 | 0.0.0.0  | 255.255.255.0 |   enp0s9  |   U   |
[   10.809209] cloud-init[1191]: ci-info: |   3   | 192.168.86.0 | 0.0.0.0  | 255.255.255.0 |   enp0s8  |   U   |
[   10.811089] cloud-init[1191]: ci-info: +-------+--------------+----------+---------------+-----------+-------+         Starting iSCSI initiator daemon (iscsid)...
[[0;32m  OK  [0m] Listening on LXD - unix socket.
[[0;32m  OK  [0m] Listening on Socket activation for snappy daemon.
[[0;32m  OK  [0m] Reached target Sockets.
[[0;32m  OK  [0m] Reached target Basic System.

[   10.816685] cloud-init[1191]: ci-info: +++++++++++++++++++Route IPv6 info+++++++++++++++++++
[   10.817853] cloud-init[1191]: ci-info: +-------+-------------+---------+-----------+-------+
[   10.819140] cloud-init[1191]: ci-info: | Route | Destination | Gateway | Interface | Flags |
[   10.819320] cloud-init[1191]: ci-info: +-------+-------------+---------+-----------+-------+
[   10.819813] cloud-init[1191]: ci-info: |   0   |  fe80::/64  |    ::   |   enp0s8  |   U   |
[   10.820482] cloud-init[1191]: ci-info: |   1   |  fe80::/64  |    ::   |   enp0s9  |   U   |
[   10.820953] cloud-init[1191]: ci-info: |   2   |  fe80::/64  |    ::   |   enp0s3  |   U   |
[   10.821431] cloud-init[1191]: ci-info: |   5   |   ff00::/8  |    ::   |   enp0s8  |   U   |
[   10.822187] cloud-init[1191]: ci-info: |   6   |   ff00::/8  |    ::   |   enp0s9  |   U   |
[   10.822913] cloud-init[1191]: ci-info: |   7   |   ff00::/8  |    ::   |   enp0s3  |   U   |
[   10.823428] cloud-init[1191]: ci-info: +-------+-------------+---------+-----------+-------+
         Starting /etc/rc.local Compatibility...
         Starting Accounts Service...
         Starting Login Service...
[[0;32m  OK  [0m] Started Deferred execution scheduler.
[[0;32m  OK  [0m] Started Regular background program processing daemon.
         Starting OpenBSD Secure Shell server...
[[0;32m  OK  [0m] Started FUSE filesystem for LXC.
[[0;32m  OK  [0m] Started ACPI event daemon.
[[0;32m  OK  [0m] Started D-Bus System Message Bus.
         Starting LSB: Record successful boot for GRUB...
         Starting Virtualbox guest utils...
         Starting System Logging Service...
         Starting Message of the Day...
         Starting Snappy daemon...
         Starting LSB: MD monitoring daemon...
         Starting LXD - container startup/shutdown...
[[0;32m  OK  [0m] Started /etc/rc.local Compatibility.
[[0;32m  OK  [0m] Started System Logging Service.
[[0;32m  OK  [0m] Started iSCSI initiator daemon (iscsid).
         Starting Login to default iSCSI targets...
[[0;32m  OK  [0m] Started Login Service.
[[0;32m  OK  [0m] Started Unattended Upgrades Shutdown.
[[0;32m  OK  [0m] Started Login to default iSCSI targets.
[[0;32m  OK  [0m] Reached target Remote File Systems (Pre).
[[0;32m  OK  [0m] Reached target Remote File Systems.
         Starting LSB: automatic crash report generation...
         Starting Permit User Sessions...
         Starting LSB: daemon to balance interrupts for SMP systems...
         Starting LSB: Set the CPU Frequency Scaling governor to "ondemand"...
[[0;32m  OK  [0m] Started Permit User Sessions.
         Starting Terminate Plymouth Boot Screen...
         Starting Hold until boot process finishes up...
         Starting Authenticate and Authorize Users to Run Privileged Tasks...
[[0;32m  OK  [0m] Started OpenBSD Secure Shell server.
[[0;32m  OK  [0m] Started Terminate Plymouth Boot Screen.
[[0;32m  OK  [0m] Started Hold until boot process finishes up.
[[0;32m  OK  [0m] Started Getty on tty1.
[[0;32m  OK  [0m] Started Serial Getty on ttyS0.
[[0;32m  OK  [0m] Reached target Login Prompts.
         Starting Set console scheme...
[[0;32m  OK  [0m] Started LSB: Set the CPU Frequency Scaling governor to "ondemand".
[[0;32m  OK  [0m] Started Set console scheme.
[[0;32m  OK  [0m] Started Authenticate and Authorize Users to Run Privileged Tasks.
[[0;32m  OK  [0m] Started LSB: automatic crash report generation.
[[0;32m  OK  [0m] Started Accounts Service.
[[0;32m  OK  [0m] Started LSB: MD monitoring daemon.
[[0;32m  OK  [0m] Started LSB: Record successful boot for GRUB.
[[0;32m  OK  [0m] Started LSB: daemon to balance interrupts for SMP systems.
[[0;32m  OK  [0m] Started Virtualbox guest utils.
[[0;32m  OK  [0m] Started LXD - container startup/shutdown.
[[0;32m  OK  [0m] Started Snappy daemon.
         Starting Wait until snapd is fully seeded...
[[0;32m  OK  [0m] Started Wait until snapd is fully seeded.
[[0;32m  OK  [0m] Reached target Multi-User System.
[[0;32m  OK  [0m] Reached target Graphical Interface.
         Starting Update UTMP about System Runlevel Changes...
         Starting Apply the settings specified in cloud-config...
[[0;32m  OK  [0m] Started Update UTMP about System Runlevel Changes.
[   11.430089] cloud-init[1468]: Cloud-init v. 19.3-41-gc4735dd3-0ubuntu1~16.04.1 running 'modules:config' at Fri, 14 Feb 2020 11:53:23 +0000. Up 11.37 seconds.
[[0;32m  OK  [0m] Started Apply the settings specified in cloud-config.
         Starting Execute cloud user/final scripts...
[   11.747716] cloud-init[1486]: Cloud-init v. 19.3-41-gc4735dd3-0ubuntu1~16.04.1 running 'modules:final' at Fri, 14 Feb 2020 11:53:23 +0000. Up 11.68 seconds.
[   11.756395] cloud-init[1486]: Cloud-init v. 19.3-41-gc4735dd3-0ubuntu1~16.04.1 finished at Fri, 14 Feb 2020 11:53:23 +0000. Datasource DataSourceNoCloud [seed=/dev/sdb][dsmode=net].  Up 11.74 seconds
[[0;32m  OK  [0m] Started Execute cloud user/final scripts.
         Starting Daily apt download activities...
[[0;32m  OK  [0m] Reached target Cloud-init target.
[[0;32m  OK  [0m] Created slice User Slice of vagrant.
         Starting User Manager for UID 1000...
[[0;32m  OK  [0m] Started Session 1 of user vagrant.
[[0;32m  OK  [0m] Started User Manager for UID 1000.
         Stopping User Manager for UID 1000...
[[0;32m  OK  [0m] Stopped User Manager for UID 1000.
[[0;32m  OK  [0m] Removed slice User Slice of vagrant.

Ubuntu 16.04.6 LTS test ttyS0

test login: 